<?xml version="1.0" encoding="UTF-8"?>
<testng-results ignored="0" total="2" passed="2" failed="0" skipped="0">
  <reporter-output>
  </reporter-output>
  <suite started-at="2023-05-15T13:41:47 IST" name="Suite Cucumber" finished-at="2023-05-15T13:42:05 IST" duration-ms="17419">
    <groups>
      <group name="cucumber">
        <method signature="AbstractTestNGCucumberTests.runScenario(io.cucumber.testng.PickleWrapper,io.cucumber.testng.FeatureWrapper)[pri:0, instance:runners.TestRunner@7e07db1f]" name="runScenario" class="io.cucumber.testng.AbstractTestNGCucumberTests"/>
      </group> <!-- cucumber -->
    </groups>
    <test started-at="2023-05-15T13:41:47 IST" name="Test Cucumber" finished-at="2023-05-15T13:42:05 IST" duration-ms="17419">
      <class name="runners.TestRunner">
        <test-method is-config="true" signature="setUpClass(org.testng.ITestContext)[pri:0, instance:runners.TestRunner@7e07db1f]" started-at="2023-05-15T13:41:47 IST" name="setUpClass" finished-at="2023-05-15T13:41:48 IST" duration-ms="1081" status="PASS">
          <params>
            <param index="0">
              <value>
                <![CDATA[org.testng.TestRunner@53335328]]>
              </value>
            </param>
          </params>
          <reporter-output>
          </reporter-output>
        </test-method> <!-- setUpClass -->
        <test-method signature="runScenario(io.cucumber.testng.PickleWrapper,io.cucumber.testng.FeatureWrapper)[pri:0, instance:runners.TestRunner@7e07db1f]" started-at="2023-05-15T13:41:48 IST" name="runScenario" description="Runs Cucumber Scenarios" data-provider="scenarios" finished-at="2023-05-15T13:41:56 IST" duration-ms="8086" status="PASS">
          <params>
            <param index="0">
              <value>
                <![CDATA["Compare Dongle and Command Center XLS Files"]]>
              </value>
            </param>
            <param index="1">
              <value>
                <![CDATA["Optional[Compare Files]"]]>
              </value>
            </param>
          </params>
          <reporter-output>
          </reporter-output>
        </test-method> <!-- runScenario -->
        <test-method signature="runScenario(io.cucumber.testng.PickleWrapper,io.cucumber.testng.FeatureWrapper)[pri:0, instance:runners.TestRunner@7e07db1f]" started-at="2023-05-15T13:41:56 IST" name="runScenario" description="Runs Cucumber Scenarios" data-provider="scenarios" finished-at="2023-05-15T13:42:01 IST" duration-ms="4502" status="PASS">
          <params>
            <param index="0">
              <value>
                <![CDATA["open browser and send command"]]>
              </value>
            </param>
            <param index="1">
              <value>
                <![CDATA["Optional[Send ping issue command]"]]>
              </value>
            </param>
          </params>
          <reporter-output>
          </reporter-output>
        </test-method> <!-- runScenario -->
        <test-method is-config="true" signature="tearDownClass()[pri:0, instance:runners.TestRunner@7e07db1f]" started-at="2023-05-15T13:42:01 IST" name="tearDownClass" finished-at="2023-05-15T13:42:05 IST" duration-ms="3701" status="PASS">
          <reporter-output>
          </reporter-output>
        </test-method> <!-- tearDownClass -->
      </class> <!-- runners.TestRunner -->
    </test> <!-- Test Cucumber -->
  </suite> <!-- Suite Cucumber -->
</testng-results>
