<?xml version="1.0" encoding="UTF-8"?>
<testsuite xmlns:xsi="http://www.w3.org/2001/XMLSchema-instance" xsi:noNamespaceSchemaLocation="https://maven.apache.org/surefire/maven-surefire-plugin/xsd/surefire-test-report-3.0.xsd" version="3.0" name="runners.TestRunner" time="47.975" tests="4" errors="0" skipped="0" failures="0">
  <properties>
[...]
</properties>
  <testcase name="Compare Dongle and Command Center XLS Files" classname="Compare Files" time="9.708">
    <system-out><![CDATA[================ beforeAll =======================================================
Load all properties file successfully.

Scenario: Compare Dongle and Command Center XLS Files   # src/test/resources/features/Compare.feature:4
Launching Edge browser...
Load all properties file successfully.

    There are two files for comparing from  Lin Yang (Single phase meter) â€“ DE Mapping

  Given There are two files for comparing in equal data # stepdefinitions.CompareStepdefs.thereAreTwoFilesForComparingInEqualData()

    its not matched : Load Profile set 2 record number with RecordNum


    its matched : 271  --> with -->271


    its matched : 270  --> with -->270


    its matched : 269  --> with -->269


    its matched : 268  --> with -->268


    its matched : 267  --> with -->267


    its matched : 266  --> with -->266


    its matched : 265  --> with -->265


    its matched : 264  --> with -->264


    its matched : 263  --> with -->263


    its matched : 262  --> with -->262


    its matched : 261  --> with -->261


    its matched : 260  --> with -->260


    its matched : 259  --> with -->259


    its not matched : Active energy import (+A) Total(kWh) with kWh (+kWh)


    its not matched : 301.557 with 301.5570


    its not matched : 300.478 with 300.4780


    its not matched : 299.429 with 299.4290


    its not matched : 298.382 with 298.3820


    its not matched : 297.334 with 297.3340


    its not matched : 296.289 with 296.2890


    its not matched : 295.241 with 295.2410


    its not matched : 294.197 with 294.1970


    its not matched : 293.182 with 293.1820


    its not matched : 292.162 with 292.1620


    its not matched : 291.15 with 291.1500


    its not matched : 290.144 with 290.1440


    its not matched : 289.133 with 289.1330

  When Start comparing the data                         # stepdefinitions.CompareStepdefs.startComparingTheData()

    The report window appeared with expected result

  Then The report generated                             # stepdefinitions.CompareStepdefs.theReportGenerated()

    Embedding Screenshot Attached --Compare Dongle and Command Center XLS Files[] [image/png 8036 bytes]

]]></system-out>
    <system-err><![CDATA[SLF4J: Class path contains multiple SLF4J providers.
SLF4J: Found provider [org.slf4j.simple.SimpleServiceProvider@6bbe2511]
SLF4J: Found provider [org.apache.logging.slf4j.SLF4JServiceProvider@495fac5f]
SLF4J: See https://www.slf4j.org/codes.html#multiple_bindings for an explanation.
SLF4J: Actual provider is of type [org.slf4j.simple.SimpleServiceProvider@6bbe2511]
[main] INFO io.github.bonigarcia.wdm.WebDriverManager - Using msedgedriver 114.0.1790.0 (resolved driver for Edge 114)
[main] INFO io.github.bonigarcia.wdm.WebDriverManager - Exporting webdriver.edge.driver as C:\Users\Abhishek_Gupta3\.cache\selenium\msedgedriver\win64\114.0.1790.0\msedgedriver.exe
Jun 09, 2023 3:23:57 PM org.openqa.selenium.remote.service.DriverService$Builder getLogOutput
INFO: Driver logs no longer sent to console by default; https://www.selenium.dev/documentation/webdriver/drivers/service/#setting-log-output
[main] INFO stepdefinitions.Hooks - =============================================== BEFORE ======================================
[main] INFO stepdefinitions.Hooks - **************************************************************************************************
[main] INFO stepdefinitions.Hooks - ScenarioCompare Dongle and Command Center XLS Files
[main] INFO stepdefinitions.Hooks - ScenarioCompare Dongle and Command Center XLS Files
[main] INFO stepdefinitions.Hooks - Scenario : 'Compare Dongle and Command Center XLS Files' has status PASSED
[main] INFO stepdefinitions.Hooks - ====================================================Test Completed=====================================
[AsyncHttpClient-1-4] WARN org.asynchttpclient.netty.handler.WebSocketHandler - onError
java.net.SocketException: Connection reset
	at java.base/sun.nio.ch.SocketChannelImpl.throwConnectionReset(SocketChannelImpl.java:394)
	at java.base/sun.nio.ch.SocketChannelImpl.read(SocketChannelImpl.java:426)
	at io.netty.buffer.PooledByteBuf.setBytes(PooledByteBuf.java:256)
	at io.netty.buffer.AbstractByteBuf.writeBytes(AbstractByteBuf.java:1132)
	at io.netty.channel.socket.nio.NioSocketChannel.doReadBytes(NioSocketChannel.java:357)
	at io.netty.channel.nio.AbstractNioByteChannel$NioByteUnsafe.read(AbstractNioByteChannel.java:151)
	at io.netty.channel.nio.NioEventLoop.processSelectedKey(NioEventLoop.java:788)
	at io.netty.channel.nio.NioEventLoop.processSelectedKeysOptimized(NioEventLoop.java:724)
	at io.netty.channel.nio.NioEventLoop.processSelectedKeys(NioEventLoop.java:650)
	at io.netty.channel.nio.NioEventLoop.run(NioEventLoop.java:562)
	at io.netty.util.concurrent.SingleThreadEventExecutor$4.run(SingleThreadEventExecutor.java:997)
	at io.netty.util.internal.ThreadExecutorMap$2.run(ThreadExecutorMap.java:74)
	at io.netty.util.concurrent.FastThreadLocalRunnable.run(FastThreadLocalRunnable.java:30)
	at java.base/java.lang.Thread.run(Thread.java:833)
Jun 09, 2023 3:24:05 PM org.openqa.selenium.remote.http.WebSocket$Listener onError
WARNING: Connection reset
java.net.SocketException: Connection reset
	at java.base/sun.nio.ch.SocketChannelImpl.throwConnectionReset(SocketChannelImpl.java:394)
	at java.base/sun.nio.ch.SocketChannelImpl.read(SocketChannelImpl.java:426)
	at io.netty.buffer.PooledByteBuf.setBytes(PooledByteBuf.java:256)
	at io.netty.buffer.AbstractByteBuf.writeBytes(AbstractByteBuf.java:1132)
	at io.netty.channel.socket.nio.NioSocketChannel.doReadBytes(NioSocketChannel.java:357)
	at io.netty.channel.nio.AbstractNioByteChannel$NioByteUnsafe.read(AbstractNioByteChannel.java:151)
	at io.netty.channel.nio.NioEventLoop.processSelectedKey(NioEventLoop.java:788)
	at io.netty.channel.nio.NioEventLoop.processSelectedKeysOptimized(NioEventLoop.java:724)
	at io.netty.channel.nio.NioEventLoop.processSelectedKeys(NioEventLoop.java:650)
	at io.netty.channel.nio.NioEventLoop.run(NioEventLoop.java:562)
	at io.netty.util.concurrent.SingleThreadEventExecutor$4.run(SingleThreadEventExecutor.java:997)
	at io.netty.util.internal.ThreadExecutorMap$2.run(ThreadExecutorMap.java:74)
	at io.netty.util.concurrent.FastThreadLocalRunnable.run(FastThreadLocalRunnable.java:30)
	at java.base/java.lang.Thread.run(Thread.java:833)

]]></system-err>
  </testcase>
  <testcase name="Search Meter number #1" classname="Send ping issue command" time="9.747">
    <system-out><![CDATA[
@Test098
Scenario Outline: Search Meter number                 # src/test/resources/features/Ping.feature:11
Launching Edge browser...

    Open the browser Edge Browser :

  Given open the browser                              # stepdefinitions.PingStepdefs.openTheBrowser()

    Meter Row 2


    Meter Number 234567


    Meter Name LY

  When search from Information and 1 for meter number # stepdefinitions.PingStepdefs.searchFromAndForMeterNumber(java.lang.String,java.lang.Integer)

    Meter Information for meter number :

  Then Appeared with expected result                  # stepdefinitions.PingStepdefs.appearedWithExpectedResult()

    Embedding Screenshot Attached --Search Meter number[@Test098] [image/png 151128 bytes]

]]></system-out>
    <system-err><![CDATA[[main] INFO io.github.bonigarcia.wdm.WebDriverManager - Using msedgedriver 114.0.1790.0 (resolved driver for Edge 114)
[main] INFO io.github.bonigarcia.wdm.WebDriverManager - Exporting webdriver.edge.driver as C:\Users\Abhishek_Gupta3\.cache\selenium\msedgedriver\win64\114.0.1790.0\msedgedriver.exe
Jun 09, 2023 3:24:05 PM org.openqa.selenium.remote.service.DriverService$Builder getLogOutput
INFO: Driver logs no longer sent to console by default; https://www.selenium.dev/documentation/webdriver/drivers/service/#setting-log-output
[main] INFO stepdefinitions.Hooks - =============================================== BEFORE ======================================
[main] INFO stepdefinitions.Hooks - **************************************************************************************************
[main] INFO stepdefinitions.Hooks - ScenarioSearch Meter number
[main] INFO stepdefinitions.Hooks - ScenarioSearch Meter number
[main] INFO stepdefinitions.Hooks - Scenario : 'Search Meter number' has status PASSED
[main] INFO stepdefinitions.Hooks - ====================================================Test Completed=====================================
]]></system-err>
  </testcase>
  <testcase name="Search Meter number #2" classname="Send ping issue command" time="12.683">
    <system-out><![CDATA[
@Test098
Scenario Outline: Search Meter number                 # src/test/resources/features/Ping.feature:12
Launching Edge browser...

    Open the browser Edge Browser :

  Given open the browser                              # stepdefinitions.PingStepdefs.openTheBrowser()

    Meter Row 1


    Meter Number 123456


    Meter Name LG

  When search from Information and 0 for meter number # stepdefinitions.PingStepdefs.searchFromAndForMeterNumber(java.lang.String,java.lang.Integer)

    Meter Information for meter number :

  Then Appeared with expected result                  # stepdefinitions.PingStepdefs.appearedWithExpectedResult()

    Embedding Screenshot Attached --Search Meter number[@Test098] [image/png 584326 bytes]

]]></system-out>
    <system-err><![CDATA[[main] INFO io.github.bonigarcia.wdm.WebDriverManager - Using msedgedriver 114.0.1790.0 (resolved driver for Edge 114)
[main] INFO io.github.bonigarcia.wdm.WebDriverManager - Exporting webdriver.edge.driver as C:\Users\Abhishek_Gupta3\.cache\selenium\msedgedriver\win64\114.0.1790.0\msedgedriver.exe
Jun 09, 2023 3:24:15 PM org.openqa.selenium.remote.service.DriverService$Builder getLogOutput
INFO: Driver logs no longer sent to console by default; https://www.selenium.dev/documentation/webdriver/drivers/service/#setting-log-output
Cleaning up unclosed ZipFile for archive C:\Users\Abhishek_Gupta3\IdeaProjects\SMPCLPAutomation\FilesExcel\Automation.xlsx
[main] INFO stepdefinitions.Hooks - =============================================== BEFORE ======================================
[main] INFO stepdefinitions.Hooks - **************************************************************************************************
[main] INFO stepdefinitions.Hooks - ScenarioSearch Meter number
[main] INFO stepdefinitions.Hooks - ScenarioSearch Meter number
[main] INFO stepdefinitions.Hooks - Scenario : 'Search Meter number' has status PASSED
[main] INFO stepdefinitions.Hooks - ====================================================Test Completed=====================================
]]></system-err>
  </testcase>
  <testcase name="Search Meter number #3" classname="Send ping issue command" time="9.637">
    <system-out><![CDATA[
@Test098
Scenario Outline: Search Meter number                 # src/test/resources/features/Ping.feature:13
Launching Edge browser...

    Open the browser Edge Browser :

  Given open the browser                              # stepdefinitions.PingStepdefs.openTheBrowser()

    Meter Row 3


    Meter Number 345678


    Meter Name AB

  When search from Information and 2 for meter number # stepdefinitions.PingStepdefs.searchFromAndForMeterNumber(java.lang.String,java.lang.Integer)

    Meter Information for meter number :

  Then Appeared with expected result                  # stepdefinitions.PingStepdefs.appearedWithExpectedResult()

    Embedding Screenshot Attached --Search Meter number[@Test098] [image/png 178628 bytes]

]]></system-out>
    <system-err><![CDATA[[main] INFO io.github.bonigarcia.wdm.WebDriverManager - Using msedgedriver 114.0.1790.0 (resolved driver for Edge 114)
[main] INFO io.github.bonigarcia.wdm.WebDriverManager - Exporting webdriver.edge.driver as C:\Users\Abhishek_Gupta3\.cache\selenium\msedgedriver\win64\114.0.1790.0\msedgedriver.exe
Jun 09, 2023 3:24:28 PM org.openqa.selenium.remote.service.DriverService$Builder getLogOutput
INFO: Driver logs no longer sent to console by default; https://www.selenium.dev/documentation/webdriver/drivers/service/#setting-log-output
[main] INFO stepdefinitions.Hooks - =============================================== BEFORE ======================================
[main] INFO stepdefinitions.Hooks - **************************************************************************************************
[main] INFO stepdefinitions.Hooks - ScenarioSearch Meter number
[main] INFO stepdefinitions.Hooks - ScenarioSearch Meter number
[main] INFO stepdefinitions.Hooks - Scenario : 'Search Meter number' has status PASSED
[main] INFO stepdefinitions.Hooks - ====================================================Test Completed=====================================
]]></system-err>
  </testcase>
</testsuite>