<?xml version="1.0" encoding="UTF-8"?>
<testsuite xmlns:xsi="http://www.w3.org/2001/XMLSchema-instance" xsi:noNamespaceSchemaLocation="https://maven.apache.org/surefire/maven-surefire-plugin/xsd/surefire-test-report-3.0.xsd" version="3.0" name="runners.TestRunner" time="47.995" tests="5" errors="1" skipped="0" failures="0">
  <properties>
[...]
</properties>
  <testcase name="Compare Dongle and Command Center XLS Files" classname="Compare Files" time="7.124">
    <system-out><![CDATA[
Scenario: Compare Dongle and Command Center XLS Files   # src/test/resources/features/Compare.feature:4
Launching edge browser...

    There are two files for comparing from  Lin Yang (Single phase meter) â€“ DE Mapping

  Given There are two files for comparing in equal data # stepdefinitions.CompareStepdefs.thereAreTwoFilesForComparingInEqualData()

    LP2-10001528 WorkSheet- Logs Column - Active energy import (+A) Total(kWh)- total Count is ...14


    Mtr_10001528_Hist WorkSheet -Command Center Excel Files - Column -kWh (+kWh)- total Count is ...14


    ********************************************* Let's check the test data, coming from the Lin Yang (Single phase meter) â€“ DE Mapping*****************************************


    LP2-10001528 and SheetName 001 - Logs Column  - Active energy import (+A) Total(kWh) - Values ...301.557


    Mtr_10001528_Hist and SheetName Mtr_10001528_Hist -Command Center Excel Files - Column -kWh (+kWh) - Values ...301.5570


    Diference for ExpWh (LP2-10001528-Active energy import (+A) Total(kWh)) 301.557.
     | (Mtr_10001528_Hist-Command Center Excel Files)  +kWh = 301.5570


    *************************************** Let's move to the next row from the Excel files and check the results *********


    LP2-10001528 and SheetName 001 - Logs Column  - Active energy import (+A) Total(kWh) - Values ...300.478


    Mtr_10001528_Hist and SheetName Mtr_10001528_Hist -Command Center Excel Files - Column -kWh (+kWh) - Values ...300.4780


    Diference for ExpWh (LP2-10001528-Active energy import (+A) Total(kWh)) 300.478.
     | (Mtr_10001528_Hist-Command Center Excel Files)  +kWh = 300.4780


    *************************************** Let's move to the next row from the Excel files and check the results *********


    LP2-10001528 and SheetName 001 - Logs Column  - Active energy import (+A) Total(kWh) - Values ...299.429


    Mtr_10001528_Hist and SheetName Mtr_10001528_Hist -Command Center Excel Files - Column -kWh (+kWh) - Values ...299.4290


    Diference for ExpWh (LP2-10001528-Active energy import (+A) Total(kWh)) 299.429.
     | (Mtr_10001528_Hist-Command Center Excel Files)  +kWh = 299.4290


    *************************************** Let's move to the next row from the Excel files and check the results *********


    LP2-10001528 and SheetName 001 - Logs Column  - Active energy import (+A) Total(kWh) - Values ...298.382


    Mtr_10001528_Hist and SheetName Mtr_10001528_Hist -Command Center Excel Files - Column -kWh (+kWh) - Values ...298.3820


    Diference for ExpWh (LP2-10001528-Active energy import (+A) Total(kWh)) 298.382.
     | (Mtr_10001528_Hist-Command Center Excel Files)  +kWh = 298.3820


    *************************************** Let's move to the next row from the Excel files and check the results *********


    LP2-10001528 and SheetName 001 - Logs Column  - Active energy import (+A) Total(kWh) - Values ...297.334


    Mtr_10001528_Hist and SheetName Mtr_10001528_Hist -Command Center Excel Files - Column -kWh (+kWh) - Values ...297.3340


    Diference for ExpWh (LP2-10001528-Active energy import (+A) Total(kWh)) 297.334.
     | (Mtr_10001528_Hist-Command Center Excel Files)  +kWh = 297.3340


    *************************************** Let's move to the next row from the Excel files and check the results *********


    LP2-10001528 and SheetName 001 - Logs Column  - Active energy import (+A) Total(kWh) - Values ...296.289


    Mtr_10001528_Hist and SheetName Mtr_10001528_Hist -Command Center Excel Files - Column -kWh (+kWh) - Values ...296.2890


    Diference for ExpWh (LP2-10001528-Active energy import (+A) Total(kWh)) 296.289.
     | (Mtr_10001528_Hist-Command Center Excel Files)  +kWh = 296.2890


    *************************************** Let's move to the next row from the Excel files and check the results *********


    LP2-10001528 and SheetName 001 - Logs Column  - Active energy import (+A) Total(kWh) - Values ...295.241


    Mtr_10001528_Hist and SheetName Mtr_10001528_Hist -Command Center Excel Files - Column -kWh (+kWh) - Values ...295.2410


    Diference for ExpWh (LP2-10001528-Active energy import (+A) Total(kWh)) 295.241.
     | (Mtr_10001528_Hist-Command Center Excel Files)  +kWh = 295.2410


    *************************************** Let's move to the next row from the Excel files and check the results *********


    LP2-10001528 and SheetName 001 - Logs Column  - Active energy import (+A) Total(kWh) - Values ...294.197


    Mtr_10001528_Hist and SheetName Mtr_10001528_Hist -Command Center Excel Files - Column -kWh (+kWh) - Values ...294.1970


    Diference for ExpWh (LP2-10001528-Active energy import (+A) Total(kWh)) 294.197.
     | (Mtr_10001528_Hist-Command Center Excel Files)  +kWh = 294.1970


    *************************************** Let's move to the next row from the Excel files and check the results *********


    LP2-10001528 and SheetName 001 - Logs Column  - Active energy import (+A) Total(kWh) - Values ...293.182


    Mtr_10001528_Hist and SheetName Mtr_10001528_Hist -Command Center Excel Files - Column -kWh (+kWh) - Values ...293.1820


    Diference for ExpWh (LP2-10001528-Active energy import (+A) Total(kWh)) 293.182.
     | (Mtr_10001528_Hist-Command Center Excel Files)  +kWh = 293.1820


    *************************************** Let's move to the next row from the Excel files and check the results *********


    LP2-10001528 and SheetName 001 - Logs Column  - Active energy import (+A) Total(kWh) - Values ...292.162


    Mtr_10001528_Hist and SheetName Mtr_10001528_Hist -Command Center Excel Files - Column -kWh (+kWh) - Values ...292.1620


    Diference for ExpWh (LP2-10001528-Active energy import (+A) Total(kWh)) 292.162.
     | (Mtr_10001528_Hist-Command Center Excel Files)  +kWh = 292.1620


    *************************************** Let's move to the next row from the Excel files and check the results *********


    LP2-10001528 and SheetName 001 - Logs Column  - Active energy import (+A) Total(kWh) - Values ...291.15


    Mtr_10001528_Hist and SheetName Mtr_10001528_Hist -Command Center Excel Files - Column -kWh (+kWh) - Values ...291.1500


    Diference for ExpWh (LP2-10001528-Active energy import (+A) Total(kWh)) 291.15.
     | (Mtr_10001528_Hist-Command Center Excel Files)  +kWh = 291.1500


    *************************************** Let's move to the next row from the Excel files and check the results *********


    LP2-10001528 and SheetName 001 - Logs Column  - Active energy import (+A) Total(kWh) - Values ...290.144


    Mtr_10001528_Hist and SheetName Mtr_10001528_Hist -Command Center Excel Files - Column -kWh (+kWh) - Values ...290.1440


    Diference for ExpWh (LP2-10001528-Active energy import (+A) Total(kWh)) 290.144.
     | (Mtr_10001528_Hist-Command Center Excel Files)  +kWh = 290.1440


    *************************************** Let's move to the next row from the Excel files and check the results *********


    LP2-10001528 and SheetName 001 - Logs Column  - Active energy import (+A) Total(kWh) - Values ...289.133


    Mtr_10001528_Hist and SheetName Mtr_10001528_Hist -Command Center Excel Files - Column -kWh (+kWh) - Values ...289.1330


    Diference for ExpWh (LP2-10001528-Active energy import (+A) Total(kWh)) 289.133.
     | (Mtr_10001528_Hist-Command Center Excel Files)  +kWh = 289.1330


    *************************************** Let's move to the next row from the Excel files and check the results *********

  When Start comparing the data                         # stepdefinitions.CompareStepdefs.startComparingTheData()

    The report window appeared with expected result

  Then The report generated                             # stepdefinitions.CompareStepdefs.theReportGenerated()
]]></system-out>
    <system-err><![CDATA[[main] INFO io.github.bonigarcia.wdm.WebDriverManager - Using msedgedriver 113.0.1774.57 (resolved driver for Edge 113)
[main] INFO io.github.bonigarcia.wdm.WebDriverManager - Exporting webdriver.edge.driver as C:\Users\Abhishek_Gupta3\.cache\selenium\msedgedriver\win64\113.0.1774.57\msedgedriver.exe
Starting Microsoft Edge WebDriver 113.0.1774.57 (b3b212deff59d422d4ce9487f276cb0e0d352835) on port 10086
To submit feedback, report a bug, or suggest new features, please visit https://github.com/MicrosoftEdge/EdgeWebDriver

Only local connections are allowed.
Please see https://aka.ms/WebDriverSecurity for suggestions on keeping Microsoft Edge WebDriver safe.

Microsoft Edge WebDriver was started successfully.
[main] INFO stepdefinitions.Hooks - ================ BEFORE ALL ================
[main] INFO stepdefinitions.Hooks - Starting Edge Driver: 
[main] INFO stepdefinitions.Hooks - ******************************************************
[main] INFO stepdefinitions.Hooks - ScenarioCompare Dongle and Command Center XLS Files
[main] INFO utils.CompareExcel - Intitializing the column for 301.557
[main] INFO utils.CompareExcel - Intitializing the column for 301.5570
[main] INFO utils.CompareExcel - Diference for ExpWh (LP2-10001528-Active energy import (+A) Total(kWh)) 301.557| (Mtr_10001528_Hist-Command Center Excel Files)  +kWh = 301.5570
[main] INFO utils.CompareExcel - Intitializing the column for 300.478
[main] INFO utils.CompareExcel - Intitializing the column for 300.4780
[main] INFO utils.CompareExcel - Diference for ExpWh (LP2-10001528-Active energy import (+A) Total(kWh)) 300.478| (Mtr_10001528_Hist-Command Center Excel Files)  +kWh = 300.4780
[main] INFO utils.CompareExcel - Intitializing the column for 299.429
[main] INFO utils.CompareExcel - Intitializing the column for 299.4290
[main] INFO utils.CompareExcel - Diference for ExpWh (LP2-10001528-Active energy import (+A) Total(kWh)) 299.429| (Mtr_10001528_Hist-Command Center Excel Files)  +kWh = 299.4290
[main] INFO utils.CompareExcel - Intitializing the column for 298.382
[main] INFO utils.CompareExcel - Intitializing the column for 298.3820
[main] INFO utils.CompareExcel - Diference for ExpWh (LP2-10001528-Active energy import (+A) Total(kWh)) 298.382| (Mtr_10001528_Hist-Command Center Excel Files)  +kWh = 298.3820
[main] INFO utils.CompareExcel - Intitializing the column for 297.334
[main] INFO utils.CompareExcel - Intitializing the column for 297.3340
[main] INFO utils.CompareExcel - Diference for ExpWh (LP2-10001528-Active energy import (+A) Total(kWh)) 297.334| (Mtr_10001528_Hist-Command Center Excel Files)  +kWh = 297.3340
[main] INFO utils.CompareExcel - Intitializing the column for 296.289
[main] INFO utils.CompareExcel - Intitializing the column for 296.2890
[main] INFO utils.CompareExcel - Diference for ExpWh (LP2-10001528-Active energy import (+A) Total(kWh)) 296.289| (Mtr_10001528_Hist-Command Center Excel Files)  +kWh = 296.2890
[main] INFO utils.CompareExcel - Intitializing the column for 295.241
[main] INFO utils.CompareExcel - Intitializing the column for 295.2410
[main] INFO utils.CompareExcel - Diference for ExpWh (LP2-10001528-Active energy import (+A) Total(kWh)) 295.241| (Mtr_10001528_Hist-Command Center Excel Files)  +kWh = 295.2410
[main] INFO utils.CompareExcel - Intitializing the column for 294.197
[main] INFO utils.CompareExcel - Intitializing the column for 294.1970
[main] INFO utils.CompareExcel - Diference for ExpWh (LP2-10001528-Active energy import (+A) Total(kWh)) 294.197| (Mtr_10001528_Hist-Command Center Excel Files)  +kWh = 294.1970
[main] INFO utils.CompareExcel - Intitializing the column for 293.182
[main] INFO utils.CompareExcel - Intitializing the column for 293.1820
[main] INFO utils.CompareExcel - Diference for ExpWh (LP2-10001528-Active energy import (+A) Total(kWh)) 293.182| (Mtr_10001528_Hist-Command Center Excel Files)  +kWh = 293.1820
[main] INFO utils.CompareExcel - Intitializing the column for 292.162
[main] INFO utils.CompareExcel - Intitializing the column for 292.1620
[main] INFO utils.CompareExcel - Diference for ExpWh (LP2-10001528-Active energy import (+A) Total(kWh)) 292.162| (Mtr_10001528_Hist-Command Center Excel Files)  +kWh = 292.1620
[main] INFO utils.CompareExcel - Intitializing the column for 291.15
[main] INFO utils.CompareExcel - Intitializing the column for 291.1500
[main] INFO utils.CompareExcel - Diference for ExpWh (LP2-10001528-Active energy import (+A) Total(kWh)) 291.15| (Mtr_10001528_Hist-Command Center Excel Files)  +kWh = 291.1500
[main] INFO utils.CompareExcel - Intitializing the column for 290.144
[main] INFO utils.CompareExcel - Intitializing the column for 290.1440
[main] INFO utils.CompareExcel - Diference for ExpWh (LP2-10001528-Active energy import (+A) Total(kWh)) 290.144| (Mtr_10001528_Hist-Command Center Excel Files)  +kWh = 290.1440
[main] INFO utils.CompareExcel - Intitializing the column for 289.133
[main] INFO utils.CompareExcel - Intitializing the column for 289.1330
[main] INFO utils.CompareExcel - Diference for ExpWh (LP2-10001528-Active energy import (+A) Total(kWh)) 289.133| (Mtr_10001528_Hist-Command Center Excel Files)  +kWh = 289.1330
[main] INFO utils.CompareExcel - Completed Successfully
[AsyncHttpClient-1-4] WARN org.asynchttpclient.netty.handler.WebSocketHandler - onError
java.net.SocketException: Connection reset
	at java.base/sun.nio.ch.SocketChannelImpl.throwConnectionReset(SocketChannelImpl.java:394)
	at java.base/sun.nio.ch.SocketChannelImpl.read(SocketChannelImpl.java:426)
	at io.netty.buffer.PooledByteBuf.setBytes(PooledByteBuf.java:256)
	at io.netty.buffer.AbstractByteBuf.writeBytes(AbstractByteBuf.java:1132)
	at io.netty.channel.socket.nio.NioSocketChannel.doReadBytes(NioSocketChannel.java:357)
	at io.netty.channel.nio.AbstractNioByteChannel$NioByteUnsafe.read(AbstractNioByteChannel.java:151)
	at io.netty.channel.nio.NioEventLoop.processSelectedKey(NioEventLoop.java:788)
	at io.netty.channel.nio.NioEventLoop.processSelectedKeysOptimized(NioEventLoop.java:724)
	at io.netty.channel.nio.NioEventLoop.processSelectedKeys(NioEventLoop.java:650)
	at io.netty.channel.nio.NioEventLoop.run(NioEventLoop.java:562)
	at io.netty.util.concurrent.SingleThreadEventExecutor$4.run(SingleThreadEventExecutor.java:997)
	at io.netty.util.internal.ThreadExecutorMap$2.run(ThreadExecutorMap.java:74)
	at io.netty.util.concurrent.FastThreadLocalRunnable.run(FastThreadLocalRunnable.java:30)
	at java.base/java.lang.Thread.run(Thread.java:833)
May 29, 2023 10:38:55 AM org.openqa.selenium.remote.http.WebSocket$Listener onError
WARNING: Connection reset
java.net.SocketException: Connection reset
	at java.base/sun.nio.ch.SocketChannelImpl.throwConnectionReset(SocketChannelImpl.java:394)
	at java.base/sun.nio.ch.SocketChannelImpl.read(SocketChannelImpl.java:426)
	at io.netty.buffer.PooledByteBuf.setBytes(PooledByteBuf.java:256)
	at io.netty.buffer.AbstractByteBuf.writeBytes(AbstractByteBuf.java:1132)
	at io.netty.channel.socket.nio.NioSocketChannel.doReadBytes(NioSocketChannel.java:357)
	at io.netty.channel.nio.AbstractNioByteChannel$NioByteUnsafe.read(AbstractNioByteChannel.java:151)
	at io.netty.channel.nio.NioEventLoop.processSelectedKey(NioEventLoop.java:788)
	at io.netty.channel.nio.NioEventLoop.processSelectedKeysOptimized(NioEventLoop.java:724)
	at io.netty.channel.nio.NioEventLoop.processSelectedKeys(NioEventLoop.java:650)
	at io.netty.channel.nio.NioEventLoop.run(NioEventLoop.java:562)
	at io.netty.util.concurrent.SingleThreadEventExecutor$4.run(SingleThreadEventExecutor.java:997)
	at io.netty.util.internal.ThreadExecutorMap$2.run(ThreadExecutorMap.java:74)
	at io.netty.util.concurrent.FastThreadLocalRunnable.run(FastThreadLocalRunnable.java:30)
	at java.base/java.lang.Thread.run(Thread.java:833)

[main] INFO stepdefinitions.Hooks - ScenarioCompare Dongle and Command Center XLS Files
[main] INFO stepdefinitions.Hooks - ==============Test Completed============
[main] INFO stepdefinitions.Hooks - Scenario : 'Compare Dongle and Command Center XLS Files' has status PASSED
[main] INFO stepdefinitions.Hooks -  Scenario : Compare Dongle and Command Center XLS Files
]]></system-err>
  </testcase>
  <testcase name="open browser and send command" classname="Send ping issue command" time="4.737">
    <error message="no such element: Unable to locate element: {&quot;method&quot;:&quot;css selector&quot;,&quot;selector&quot;:&quot;*[name=&apos;pppqqrrwrwqr&apos;]&quot;}&#10;  (Session info: MicrosoftEdge=113.0.1774.57)&#10;For documentation on this error, please visit: https://selenium.dev/exceptions/#no_such_element&#10;Build info: version: &apos;4.9.1&apos;, revision: &apos;eb2032df7f&apos;&#10;System info: os.name: &apos;Windows 10&apos;, os.arch: &apos;amd64&apos;, os.version: &apos;10.0&apos;, java.version: &apos;17.0.2&apos;&#10;Driver info: org.openqa.selenium.edge.EdgeDriver&#10;Command: [04d4ea69b5052b61da51d8d3bbc31432, findElement {using=name, value=pppqqrrwrwqr}]&#10;Capabilities {acceptInsecureCerts: false, browserName: msedge, browserVersion: 113.0.1774.57, ms:edgeOptions: {debuggerAddress: localhost:59979}, msedge: {msedgedriverVersion: 113.0.1774.57 (b3b212deff59..., userDataDir: C:\Users\ABHISH~1\AppData\L...}, networkConnectionEnabled: false, pageLoadStrategy: normal, platformName: windows, proxy: Proxy(), se:cdp: ws://localhost:59979/devtoo..., se:cdpVersion: 113.0.1774.57, setWindowRect: true, strictFileInteractability: false, timeouts: {implicit: 0, pageLoad: 300000, script: 30000}, unhandledPromptBehavior: dismiss and notify, webauthn:extension:credBlob: true, webauthn:extension:largeBlob: true, webauthn:extension:minPinLength: true, webauthn:extension:prf: true, webauthn:virtualAuthenticators: true}&#10;Session ID: 04d4ea69b5052b61da51d8d3bbc31432" type="org.openqa.selenium.NoSuchElementException"><![CDATA[org.openqa.selenium.NoSuchElementException: 
no such element: Unable to locate element: {"method":"css selector","selector":"*[name='pppqqrrwrwqr']"}
  (Session info: MicrosoftEdge=113.0.1774.57)
For documentation on this error, please visit: https://selenium.dev/exceptions/#no_such_element
Build info: version: '4.9.1', revision: 'eb2032df7f'
System info: os.name: 'Windows 10', os.arch: 'amd64', os.version: '10.0', java.version: '17.0.2'
Driver info: org.openqa.selenium.edge.EdgeDriver
Command: [04d4ea69b5052b61da51d8d3bbc31432, findElement {using=name, value=pppqqrrwrwqr}]
Capabilities {acceptInsecureCerts: false, browserName: msedge, browserVersion: 113.0.1774.57, ms:edgeOptions: {debuggerAddress: localhost:59979}, msedge: {msedgedriverVersion: 113.0.1774.57 (b3b212deff59..., userDataDir: C:\Users\ABHISH~1\AppData\L...}, networkConnectionEnabled: false, pageLoadStrategy: normal, platformName: windows, proxy: Proxy(), se:cdp: ws://localhost:59979/devtoo..., se:cdpVersion: 113.0.1774.57, setWindowRect: true, strictFileInteractability: false, timeouts: {implicit: 0, pageLoad: 300000, script: 30000}, unhandledPromptBehavior: dismiss and notify, webauthn:extension:credBlob: true, webauthn:extension:largeBlob: true, webauthn:extension:minPinLength: true, webauthn:extension:prf: true, webauthn:virtualAuthenticators: true}
Session ID: 04d4ea69b5052b61da51d8d3bbc31432
	at java.base/jdk.internal.reflect.NativeConstructorAccessorImpl.newInstance0(Native Method)
	at java.base/jdk.internal.reflect.NativeConstructorAccessorImpl.newInstance(NativeConstructorAccessorImpl.java:77)
	at java.base/jdk.internal.reflect.DelegatingConstructorAccessorImpl.newInstance(DelegatingConstructorAccessorImpl.java:45)
	at java.base/java.lang.reflect.Constructor.newInstanceWithCaller(Constructor.java:499)
	at java.base/java.lang.reflect.Constructor.newInstance(Constructor.java:480)
	at org.openqa.selenium.remote.codec.w3c.W3CHttpResponseCodec.createException(W3CHttpResponseCodec.java:200)
	at org.openqa.selenium.remote.codec.w3c.W3CHttpResponseCodec.decode(W3CHttpResponseCodec.java:133)
	at org.openqa.selenium.remote.codec.w3c.W3CHttpResponseCodec.decode(W3CHttpResponseCodec.java:53)
	at org.openqa.selenium.remote.HttpCommandExecutor.execute(HttpCommandExecutor.java:193)
	at org.openqa.selenium.remote.service.DriverCommandExecutor.invokeExecute(DriverCommandExecutor.java:183)
	at org.openqa.selenium.remote.service.DriverCommandExecutor.execute(DriverCommandExecutor.java:158)
	at org.openqa.selenium.remote.RemoteWebDriver.execute(RemoteWebDriver.java:543)
	at org.openqa.selenium.remote.ElementLocation$ElementFinder$2.findElement(ElementLocation.java:162)
	at org.openqa.selenium.remote.ElementLocation.findElement(ElementLocation.java:66)
	at org.openqa.selenium.remote.RemoteWebDriver.findElement(RemoteWebDriver.java:352)
	at org.openqa.selenium.remote.RemoteWebDriver.findElement(RemoteWebDriver.java:344)
	at stepdefinitions.PingStepdefs.theReportWindowAppearedWithExpectedResult(PingStepdefs.java:41)
	at ✽.The report window appeared with expected result(file:///C:/Users/Abhishek_Gupta3/IdeaProjects/SMPCLPAutomation/src/test/resources/features/Ping.feature:8)
]]></error>
    <system-out><![CDATA[
Scenario: open browser and send command                # src/test/resources/features/Ping.feature:5
Launching edge browser...

    Driver on Steps class:

  Given open the site url                              # stepdefinitions.PingStepdefs.openTheSiteUrl()

    Verify the Column from Excel sheet ...>:

  When send issue command                              # stepdefinitions.PingStepdefs.sendIssueCommand()

    The report window appeared with expected result :

  Then The report window appeared with expected result # stepdefinitions.PingStepdefs.theReportWindowAppearedWithExpectedResult()
      org.openqa.selenium.NoSuchElementException: no such element: Unable to locate element: {"method":"css selector","selector":"*[name='pppqqrrwrwqr']"}
  (Session info: MicrosoftEdge=113.0.1774.57)
For documentation on this error, please visit: https://selenium.dev/exceptions/#no_such_element
Build info: version: '4.9.1', revision: 'eb2032df7f'
System info: os.name: 'Windows 10', os.arch: 'amd64', os.version: '10.0', java.version: '17.0.2'
Driver info: org.openqa.selenium.edge.EdgeDriver
Command: [04d4ea69b5052b61da51d8d3bbc31432, findElement {using=name, value=pppqqrrwrwqr}]
Capabilities {acceptInsecureCerts: false, browserName: msedge, browserVersion: 113.0.1774.57, ms:edgeOptions: {debuggerAddress: localhost:59979}, msedge: {msedgedriverVersion: 113.0.1774.57 (b3b212deff59..., userDataDir: C:\Users\ABHISH~1\AppData\L...}, networkConnectionEnabled: false, pageLoadStrategy: normal, platformName: windows, proxy: Proxy(), se:cdp: ws://localhost:59979/devtoo..., se:cdpVersion: 113.0.1774.57, setWindowRect: true, strictFileInteractability: false, timeouts: {implicit: 0, pageLoad: 300000, script: 30000}, unhandledPromptBehavior: dismiss and notify, webauthn:extension:credBlob: true, webauthn:extension:largeBlob: true, webauthn:extension:minPinLength: true, webauthn:extension:prf: true, webauthn:virtualAuthenticators: true}
Session ID: 04d4ea69b5052b61da51d8d3bbc31432
	at java.base/jdk.internal.reflect.NativeConstructorAccessorImpl.newInstance0(Native Method)
	at java.base/jdk.internal.reflect.NativeConstructorAccessorImpl.newInstance(NativeConstructorAccessorImpl.java:77)
	at java.base/jdk.internal.reflect.DelegatingConstructorAccessorImpl.newInstance(DelegatingConstructorAccessorImpl.java:45)
	at java.base/java.lang.reflect.Constructor.newInstanceWithCaller(Constructor.java:499)
	at java.base/java.lang.reflect.Constructor.newInstance(Constructor.java:480)
	at org.openqa.selenium.remote.codec.w3c.W3CHttpResponseCodec.createException(W3CHttpResponseCodec.java:200)
	at org.openqa.selenium.remote.codec.w3c.W3CHttpResponseCodec.decode(W3CHttpResponseCodec.java:133)
	at org.openqa.selenium.remote.codec.w3c.W3CHttpResponseCodec.decode(W3CHttpResponseCodec.java:53)
	at org.openqa.selenium.remote.HttpCommandExecutor.execute(HttpCommandExecutor.java:193)
	at org.openqa.selenium.remote.service.DriverCommandExecutor.invokeExecute(DriverCommandExecutor.java:183)
	at org.openqa.selenium.remote.service.DriverCommandExecutor.execute(DriverCommandExecutor.java:158)
	at org.openqa.selenium.remote.RemoteWebDriver.execute(RemoteWebDriver.java:543)
	at org.openqa.selenium.remote.ElementLocation$ElementFinder$2.findElement(ElementLocation.java:162)
	at org.openqa.selenium.remote.ElementLocation.findElement(ElementLocation.java:66)
	at org.openqa.selenium.remote.RemoteWebDriver.findElement(RemoteWebDriver.java:352)
	at org.openqa.selenium.remote.RemoteWebDriver.findElement(RemoteWebDriver.java:344)
	at stepdefinitions.PingStepdefs.theReportWindowAppearedWithExpectedResult(PingStepdefs.java:41)
	at âœ½.The report window appeared with expected result(file:///C:/Users/Abhishek_Gupta3/IdeaProjects/SMPCLPAutomation/src/test/resources/features/Ping.feature:8)


    Embedding Screenshot Failed [image/png 79913 bytes]

]]></system-out>
    <system-err><![CDATA[[main] INFO io.github.bonigarcia.wdm.WebDriverManager - Using msedgedriver 113.0.1774.57 (resolved driver for Edge 113)
[main] INFO io.github.bonigarcia.wdm.WebDriverManager - Exporting webdriver.edge.driver as C:\Users\Abhishek_Gupta3\.cache\selenium\msedgedriver\win64\113.0.1774.57\msedgedriver.exe
Starting Microsoft Edge WebDriver 113.0.1774.57 (b3b212deff59d422d4ce9487f276cb0e0d352835) on port 4370
To submit feedback, report a bug, or suggest new features, please visit https://github.com/MicrosoftEdge/EdgeWebDriver

Only local connections are allowed.
Please see https://aka.ms/WebDriverSecurity for suggestions on keeping Microsoft Edge WebDriver safe.

Microsoft Edge WebDriver was started successfully.
[main] INFO stepdefinitions.Hooks - ================ BEFORE ALL ================
[main] INFO stepdefinitions.Hooks - Starting Edge Driver: 
[main] INFO stepdefinitions.Hooks - ******************************************************
[main] INFO stepdefinitions.Hooks - Scenarioopen browser and send command
[main] INFO stepdefinitions.Hooks - Scenarioopen browser and send command
[main] INFO stepdefinitions.Hooks - ==============Test Completed============
[main] INFO stepdefinitions.Hooks - Scenario : 'open browser and send command' has status FAILED
[main] INFO stepdefinitions.Hooks -  Scenario : open browser and send command
]]></system-err>
  </testcase>
  <testcase name="Search Meter number #1" classname="Send ping issue command" time="10.44">
    <system-out><![CDATA[
Scenario Outline: Search Meter number                 # src/test/resources/features/Ping.feature:18
Launching edge browser...

    Open the browser Edge Browser :

  Given open the browser                              # stepdefinitions.PingStepdefs.openTheBrowser()

    Meter Row 2


    Meter Number 234567


    Meter Name LY

  When search from Information and 1 for meter number # stepdefinitions.PingStepdefs.searchFromAndForMeterNumber(java.lang.String,java.lang.Integer)

    Meter Information for meter number :

  Then Appeared with expected result                  # stepdefinitions.PingStepdefs.appearedWithExpectedResult()
]]></system-out>
    <system-err><![CDATA[[main] INFO io.github.bonigarcia.wdm.WebDriverManager - Using msedgedriver 113.0.1774.57 (resolved driver for Edge 113)
[main] INFO io.github.bonigarcia.wdm.WebDriverManager - Exporting webdriver.edge.driver as C:\Users\Abhishek_Gupta3\.cache\selenium\msedgedriver\win64\113.0.1774.57\msedgedriver.exe
Starting Microsoft Edge WebDriver 113.0.1774.57 (b3b212deff59d422d4ce9487f276cb0e0d352835) on port 19056
To submit feedback, report a bug, or suggest new features, please visit https://github.com/MicrosoftEdge/EdgeWebDriver

Only local connections are allowed.
Please see https://aka.ms/WebDriverSecurity for suggestions on keeping Microsoft Edge WebDriver safe.

Microsoft Edge WebDriver was started successfully.
[main] INFO stepdefinitions.Hooks - ================ BEFORE ALL ================
[main] INFO stepdefinitions.Hooks - Starting Edge Driver: 
[main] INFO stepdefinitions.Hooks - ******************************************************
[main] INFO stepdefinitions.Hooks - ScenarioSearch Meter number
[main] INFO stepdefinitions.Hooks - ScenarioSearch Meter number
[main] INFO stepdefinitions.Hooks - ==============Test Completed============
[main] INFO stepdefinitions.Hooks - Scenario : 'Search Meter number' has status PASSED
[main] INFO stepdefinitions.Hooks -  Scenario : Search Meter number
]]></system-err>
  </testcase>
  <testcase name="Search Meter number #2" classname="Send ping issue command" time="10.722">
    <system-out><![CDATA[
Scenario Outline: Search Meter number                 # src/test/resources/features/Ping.feature:19
Launching edge browser...

    Open the browser Edge Browser :

  Given open the browser                              # stepdefinitions.PingStepdefs.openTheBrowser()

    Meter Row 1


    Meter Number 123456


    Meter Name LG

  When search from Information and 0 for meter number # stepdefinitions.PingStepdefs.searchFromAndForMeterNumber(java.lang.String,java.lang.Integer)

    Meter Information for meter number :

  Then Appeared with expected result                  # stepdefinitions.PingStepdefs.appearedWithExpectedResult()
]]></system-out>
    <system-err><![CDATA[[main] INFO io.github.bonigarcia.wdm.WebDriverManager - Using msedgedriver 113.0.1774.57 (resolved driver for Edge 113)
[main] INFO io.github.bonigarcia.wdm.WebDriverManager - Exporting webdriver.edge.driver as C:\Users\Abhishek_Gupta3\.cache\selenium\msedgedriver\win64\113.0.1774.57\msedgedriver.exe
Starting Microsoft Edge WebDriver 113.0.1774.57 (b3b212deff59d422d4ce9487f276cb0e0d352835) on port 11359
To submit feedback, report a bug, or suggest new features, please visit https://github.com/MicrosoftEdge/EdgeWebDriver

Only local connections are allowed.
Please see https://aka.ms/WebDriverSecurity for suggestions on keeping Microsoft Edge WebDriver safe.

Microsoft Edge WebDriver was started successfully.
[main] INFO stepdefinitions.Hooks - ================ BEFORE ALL ================
[main] INFO stepdefinitions.Hooks - Starting Edge Driver: 
[main] INFO stepdefinitions.Hooks - ******************************************************
[main] INFO stepdefinitions.Hooks - ScenarioSearch Meter number
[main] INFO stepdefinitions.Hooks - ScenarioSearch Meter number
[main] INFO stepdefinitions.Hooks - ==============Test Completed============
[main] INFO stepdefinitions.Hooks - Scenario : 'Search Meter number' has status PASSED
[main] INFO stepdefinitions.Hooks -  Scenario : Search Meter number
]]></system-err>
  </testcase>
  <testcase name="Search Meter number #3" classname="Send ping issue command" time="9.86">
    <system-out><![CDATA[
Scenario Outline: Search Meter number                 # src/test/resources/features/Ping.feature:20
Launching edge browser...

    Open the browser Edge Browser :

  Given open the browser                              # stepdefinitions.PingStepdefs.openTheBrowser()

    Meter Row 3


    Meter Number 345678


    Meter Name AB

  When search from Information and 2 for meter number # stepdefinitions.PingStepdefs.searchFromAndForMeterNumber(java.lang.String,java.lang.Integer)

    Meter Information for meter number :

  Then Appeared with expected result                  # stepdefinitions.PingStepdefs.appearedWithExpectedResult()
]]></system-out>
    <system-err><![CDATA[[main] INFO io.github.bonigarcia.wdm.WebDriverManager - Using msedgedriver 113.0.1774.57 (resolved driver for Edge 113)
[main] INFO io.github.bonigarcia.wdm.WebDriverManager - Exporting webdriver.edge.driver as C:\Users\Abhishek_Gupta3\.cache\selenium\msedgedriver\win64\113.0.1774.57\msedgedriver.exe
Starting Microsoft Edge WebDriver 113.0.1774.57 (b3b212deff59d422d4ce9487f276cb0e0d352835) on port 30153
To submit feedback, report a bug, or suggest new features, please visit https://github.com/MicrosoftEdge/EdgeWebDriver

Only local connections are allowed.
Please see https://aka.ms/WebDriverSecurity for suggestions on keeping Microsoft Edge WebDriver safe.

Microsoft Edge WebDriver was started successfully.
[main] INFO stepdefinitions.Hooks - ================ BEFORE ALL ================
[main] INFO stepdefinitions.Hooks - Starting Edge Driver: 
[main] INFO stepdefinitions.Hooks - ******************************************************
[main] INFO stepdefinitions.Hooks - ScenarioSearch Meter number
[main] INFO stepdefinitions.Hooks - ScenarioSearch Meter number
[main] INFO stepdefinitions.Hooks - ==============Test Completed============
[main] INFO stepdefinitions.Hooks - Scenario : 'Search Meter number' has status PASSED
[main] INFO stepdefinitions.Hooks -  Scenario : Search Meter number
]]></system-err>
  </testcase>
</testsuite>